[2019-05-25 22:40:39] production.ERROR: No Database connection yet in VoyagerServiceProvider loadAuth()  
[2019-05-25 22:40:56] production.ERROR: No Database connection yet in VoyagerServiceProvider loadAuth()  
[2019-05-25 22:40:56] production.ERROR: file_get_contents(/projects/dashboard/.env): failed to open stream: No such file or directory {"exception":"[object] (ErrorException(code: 0): file_get_contents(/projects/dashboard/.env): failed to open stream: No such file or directory at /projects/dashboard/vendor/laravel/framework/src/Illuminate/Foundation/Console/KeyGenerateCommand.php:96)
[stacktrace]
#0 [internal function]: Illuminate\\Foundation\\Bootstrap\\HandleExceptions->handleError(2, 'file_get_conten...', '/projects/dashb...', 96, Array)
#1 /projects/dashboard/vendor/laravel/framework/src/Illuminate/Foundation/Console/KeyGenerateCommand.php(96): file_get_contents('/projects/dashb...')
#2 /projects/dashboard/vendor/laravel/framework/src/Illuminate/Foundation/Console/KeyGenerateCommand.php(80): Illuminate\\Foundation\\Console\\KeyGenerateCommand->writeNewEnvironmentFileWith('base64:57sTZo51...')
#3 /projects/dashboard/vendor/laravel/framework/src/Illuminate/Foundation/Console/KeyGenerateCommand.php(45): Illuminate\\Foundation\\Console\\KeyGenerateCommand->setKeyInEnvironmentFile('base64:57sTZo51...')
#4 [internal function]: Illuminate\\Foundation\\Console\\KeyGenerateCommand->handle()
#5 /projects/dashboard/vendor/laravel/framework/src/Illuminate/Container/BoundMethod.php(29): call_user_func_array(Array, Array)
#6 /projects/dashboard/vendor/laravel/framework/src/Illuminate/Container/BoundMethod.php(87): Illuminate\\Container\\BoundMethod::Illuminate\\Container\\{closure}()
#7 /projects/dashboard/vendor/laravel/framework/src/Illuminate/Container/BoundMethod.php(31): Illuminate\\Container\\BoundMethod::callBoundMethod(Object(Illuminate\\Foundation\\Application), Array, Object(Closure))
#8 /projects/dashboard/vendor/laravel/framework/src/Illuminate/Container/Container.php(572): Illuminate\\Container\\BoundMethod::call(Object(Illuminate\\Foundation\\Application), Array, Array, NULL)
#9 /projects/dashboard/vendor/laravel/framework/src/Illuminate/Console/Command.php(183): Illuminate\\Container\\Container->call(Array)
#10 /projects/dashboard/vendor/symfony/console/Command/Command.php(255): Illuminate\\Console\\Command->execute(Object(Symfony\\Component\\Console\\Input\\ArgvInput), Object(Illuminate\\Console\\OutputStyle))
#11 /projects/dashboard/vendor/laravel/framework/src/Illuminate/Console/Command.php(170): Symfony\\Component\\Console\\Command\\Command->run(Object(Symfony\\Component\\Console\\Input\\ArgvInput), Object(Illuminate\\Console\\OutputStyle))
#12 /projects/dashboard/vendor/symfony/console/Application.php(908): Illuminate\\Console\\Command->run(Object(Symfony\\Component\\Console\\Input\\ArgvInput), Object(Symfony\\Component\\Console\\Output\\ConsoleOutput))
#13 /projects/dashboard/vendor/symfony/console/Application.php(269): Symfony\\Component\\Console\\Application->doRunCommand(Object(Illuminate\\Foundation\\Console\\KeyGenerateCommand), Object(Symfony\\Component\\Console\\Input\\ArgvInput), Object(Symfony\\Component\\Console\\Output\\ConsoleOutput))
#14 /projects/dashboard/vendor/symfony/console/Application.php(145): Symfony\\Component\\Console\\Application->doRun(Object(Symfony\\Component\\Console\\Input\\ArgvInput), Object(Symfony\\Component\\Console\\Output\\ConsoleOutput))
#15 /projects/dashboard/vendor/laravel/framework/src/Illuminate/Console/Application.php(89): Symfony\\Component\\Console\\Application->run(Object(Symfony\\Component\\Console\\Input\\ArgvInput), Object(Symfony\\Component\\Console\\Output\\ConsoleOutput))
#16 /projects/dashboard/vendor/laravel/framework/src/Illuminate/Foundation/Console/Kernel.php(122): Illuminate\\Console\\Application->run(Object(Symfony\\Component\\Console\\Input\\ArgvInput), Object(Symfony\\Component\\Console\\Output\\ConsoleOutput))
#17 /projects/dashboard/artisan(37): Illuminate\\Foundation\\Console\\Kernel->handle(Object(Symfony\\Component\\Console\\Input\\ArgvInput), Object(Symfony\\Component\\Console\\Output\\ConsoleOutput))
#18 {main}
"} 
[2019-05-25 22:45:14] local.ERROR: Command "make:generate" is not defined.

Did you mean one of these?
    event:generate
    key:generate
    make:adminlte
    make:auth
    make:channel
    make:command
    make:controller
    make:event
    make:exception
    make:factory
    make:job
    make:listener
    make:mail
    make:middleware
    make:migration
    make:model
    make:notification
    make:observer
    make:policy
    make:provider
    make:request
    make:resource
    make:rule
    make:seeder
    make:test
    make:widget {"exception":"[object] (Symfony\\Component\\Console\\Exception\\CommandNotFoundException(code: 0): Command \"make:generate\" is not defined.

Did you mean one of these?
    event:generate
    key:generate
    make:adminlte
    make:auth
    make:channel
    make:command
    make:controller
    make:event
    make:exception
    make:factory
    make:job
    make:listener
    make:mail
    make:middleware
    make:migration
    make:model
    make:notification
    make:observer
    make:policy
    make:provider
    make:request
    make:resource
    make:rule
    make:seeder
    make:test
    make:widget at /projects/dashboard/vendor/symfony/console/Application.php:639)
[stacktrace]
#0 /projects/dashboard/vendor/symfony/console/Application.php(233): Symfony\\Component\\Console\\Application->find('make:generate')
#1 /projects/dashboard/vendor/symfony/console/Application.php(145): Symfony\\Component\\Console\\Application->doRun(Object(Symfony\\Component\\Console\\Input\\ArgvInput), Object(Symfony\\Component\\Console\\Output\\ConsoleOutput))
#2 /projects/dashboard/vendor/laravel/framework/src/Illuminate/Console/Application.php(89): Symfony\\Component\\Console\\Application->run(Object(Symfony\\Component\\Console\\Input\\ArgvInput), Object(Symfony\\Component\\Console\\Output\\ConsoleOutput))
#3 /projects/dashboard/vendor/laravel/framework/src/Illuminate/Foundation/Console/Kernel.php(122): Illuminate\\Console\\Application->run(Object(Symfony\\Component\\Console\\Input\\ArgvInput), Object(Symfony\\Component\\Console\\Output\\ConsoleOutput))
#4 /projects/dashboard/artisan(37): Illuminate\\Foundation\\Console\\Kernel->handle(Object(Symfony\\Component\\Console\\Input\\ArgvInput), Object(Symfony\\Component\\Console\\Output\\ConsoleOutput))
#5 {main}
"} 
[2019-05-25 23:27:28] local.ERROR: No Database connection yet in VoyagerServiceProvider loadAuth()  
